<?xml version="1.0" encoding="UTF-8"?>
<!-- Generated by org.testng.reporters.JUnitReportReporter -->
<testsuite skipped="0" hostname="PavanSharma" name="com.ort.qa.testcases.NurseDashboardClickCartReviewDashboard" tests="1" failures="0" timestamp="2021-05-20T12:34:25 IST" time="27.679" errors="0">
  <testcase name="clickCartReviewDashboard" time="27.679" classname="com.ort.qa.testcases.NurseDashboardClickCartReviewDashboard"/>
  <system-out/>
</testsuite> <!-- com.ort.qa.testcases.NurseDashboardClickCartReviewDashboard -->
