<?xml version="1.0" encoding="UTF-8"?>
<!-- Generated by org.testng.reporters.JUnitReportReporter -->
<testsuite skipped="0" hostname="DESKTOP-B8QHPPA" name="com.ort.qa.testcases.CreateCaseFindPatientPageTest" tests="9" failures="0" timestamp="02 Jun 2021 10:57:37 GMT" time="29.134" errors="0">
  <testcase name="createCaseFindPatientPageTest" time="0.447" classname="com.ort.qa.testcases.CreateCaseFindPatientPageTest"/>
  <testcase name="clickOnButton" time="1.138" classname="com.ort.qa.testcases.CreateCaseFindPatientPageTest"/>
  <testcase name="clickOnPatientButton" time="2.115" classname="com.ort.qa.testcases.CreateCaseFindPatientPageTest"/>
  <testcase name="clickOnPatientDropDownButton" time="6.601" classname="com.ort.qa.testcases.CreateCaseFindPatientPageTest"/>
  <testcase name="notesByDoctors" time="0.329" classname="com.ort.qa.testcases.CreateCaseFindPatientPageTest"/>
  <testcase name="clickOnNextButton" time="2.248" classname="com.ort.qa.testcases.CreateCaseFindPatientPageTest"/>
  <testcase name="clickOnHip" time="0.655" classname="com.ort.qa.testcases.CreateCaseFindPatientPageTest"/>
  <testcase name="clickOnProcedure" time="1.336" classname="com.ort.qa.testcases.CreateCaseFindPatientPageTest"/>
  <testcase name="clickOnCheckBox" time="14.265" classname="com.ort.qa.testcases.CreateCaseFindPatientPageTest"/>
</testsuite> <!-- com.ort.qa.testcases.CreateCaseFindPatientPageTest -->
