<?xml version="1.0" encoding="UTF-8"?>
<!-- Generated by org.testng.reporters.JUnitReportReporter -->
<testsuite skipped="0" hostname="PavanSharma" name="com.ort.qa.testcases.NurseDashboardClickCartReviewMenu" tests="1" failures="0" timestamp="2021-05-20T12:51:13 IST" time="30.371" errors="0">
  <testcase name="clickCartReviewMenu" time="30.371" classname="com.ort.qa.testcases.NurseDashboardClickCartReviewMenu"/>
  <system-out/>
</testsuite> <!-- com.ort.qa.testcases.NurseDashboardClickCartReviewMenu -->
