<?xml version="1.0" encoding="UTF-8"?>
<!-- Generated by org.testng.reporters.JUnitReportReporter -->
<testsuite skipped="0" hostname="DESKTOP-B8QHPPA" name="com.ort.qa.testcases.CreateCaseFindPatientPageTest" tests="1" failures="0" timestamp="31 May 2021 13:13:53 GMT" time="85.412" errors="0">
  <testcase name="createCaseFindPatientPageTest" time="85.412" classname="com.ort.qa.testcases.CreateCaseFindPatientPageTest"/>
</testsuite> <!-- com.ort.qa.testcases.CreateCaseFindPatientPageTest -->
