<?xml version="1.0" encoding="UTF-8"?>
<!-- Generated by org.testng.reporters.JUnitReportReporter -->
<testsuite skipped="0" hostname="PavanSharma" name="com.ort.qa.testcases.NurseDashboardClickCreateCaseMenu" tests="1" failures="0" timestamp="2021-05-20T12:54:22 IST" time="33.750" errors="0">
  <testcase name="clickCreateCaseMenu" time="33.750" classname="com.ort.qa.testcases.NurseDashboardClickCreateCaseMenu"/>
  <system-out/>
</testsuite> <!-- com.ort.qa.testcases.NurseDashboardClickCreateCaseMenu -->
