<?xml version="1.0" encoding="UTF-8"?>
<!-- Generated by org.testng.reporters.JUnitReportReporter -->
<testsuite skipped="0" hostname="PavanSharma" name="com.ort.qa.testcases.NurseDashboardClickOpenCaseMenu" tests="1" failures="0" timestamp="2021-05-20T12:59:30 IST" time="20.654" errors="0">
  <testcase name="clickOpenCaseMenu" time="20.654" classname="com.ort.qa.testcases.NurseDashboardClickOpenCaseMenu"/>
  <system-out/>
</testsuite> <!-- com.ort.qa.testcases.NurseDashboardClickOpenCaseMenu -->
