<?xml version="1.0" encoding="UTF-8"?>
<!-- Generated by org.testng.reporters.JUnitReportReporter -->
<testsuite skipped="0" hostname="DESKTOP-B8QHPPA" name="com.ort.qa.testcases.UserRoleLoginPageTest" tests="3" failures="0" timestamp="15 Jun 2021 09:27:09 GMT" time="90.619" errors="0">
  <testcase name="UserRoleLoginTest" time="28.440" classname="com.ort.qa.testcases.UserRoleLoginPageTest"/>
  <testcase name="UserRoleLoginTest" time="33.741" classname="com.ort.qa.testcases.UserRoleLoginPageTest"/>
  <testcase name="UserRoleLoginTest" time="28.438" classname="com.ort.qa.testcases.UserRoleLoginPageTest"/>
</testsuite> <!-- com.ort.qa.testcases.UserRoleLoginPageTest -->
