<?xml version="1.0" encoding="UTF-8"?>
<!-- Generated by org.testng.reporters.JUnitReportReporter -->
<testsuite skipped="0" hostname="PavanSharma" name="com.ort.qa.testcases.NurseDashboardClickCartReviewDashboard" tests="1" failures="0" timestamp="2021-05-27T14:31:23 IST" time="4.109" errors="0">
  <testcase name="clickCartReviewDashboard" time="4.109" classname="com.ort.qa.testcases.NurseDashboardClickCartReviewDashboard"/>
  <system-out/>
</testsuite> <!-- com.ort.qa.testcases.NurseDashboardClickCartReviewDashboard -->
