<?xml version="1.0" encoding="UTF-8"?>
<!-- Generated by org.testng.reporters.JUnitReportReporter -->
<testsuite skipped="0" hostname="PavanSharma" name="com.ort.qa.testcases.NurseDashboardClickORtelligenceMenu" tests="1" failures="0" timestamp="2021-05-20T14:54:40 IST" time="4.531" errors="0">
  <testcase name="clickORtelligenceMenu" time="4.531" classname="com.ort.qa.testcases.NurseDashboardClickORtelligenceMenu"/>
  <system-out/>
</testsuite> <!-- com.ort.qa.testcases.NurseDashboardClickORtelligenceMenu -->
