<?xml version="1.0" encoding="UTF-8"?>
<!-- Generated by org.testng.reporters.JUnitReportReporter -->
<<<<<<< HEAD
<testsuite skipped="1" hostname="PavanSharma" name="com.ort.qa.testcases.SelectFacilityPageTest" tests="2" failures="0" timestamp="2021-05-18T11:40:11 IST" time="10.292" errors="1">
  <testcase name="setUp" time="10.292" classname="com.ort.qa.testcases.SelectFacilityPageTest">
    <error type="java.lang.NullPointerException">
      <![CDATA[java.lang.NullPointerException
at com.ort.qa.testcases.LoginPageTest.loginTest(LoginPageTest.java:80)
at com.ort.qa.testcases.SelectFacilityPageTest.setUp(SelectFacilityPageTest.java:27)
at sun.reflect.NativeMethodAccessorImpl.invoke0(Native Method)
at sun.reflect.NativeMethodAccessorImpl.invoke(NativeMethodAccessorImpl.java:62)
at sun.reflect.DelegatingMethodAccessorImpl.invoke(DelegatingMethodAccessorImpl.java:43)
at java.lang.reflect.Method.invoke(Method.java:498)
at org.testng.internal.MethodInvocationHelper.invokeMethod(MethodInvocationHelper.java:132)
at org.testng.internal.MethodInvocationHelper.invokeMethodConsideringTimeout(MethodInvocationHelper.java:61)
at org.testng.internal.ConfigInvoker.invokeConfigurationMethod(ConfigInvoker.java:366)
at org.testng.internal.ConfigInvoker.invokeConfigurations(ConfigInvoker.java:320)
at org.testng.internal.TestInvoker.runConfigMethods(TestInvoker.java:701)
at org.testng.internal.TestInvoker.invokeMethod(TestInvoker.java:527)
at org.testng.internal.TestInvoker.invokeTestMethod(TestInvoker.java:174)
at org.testng.internal.MethodRunner.runInSequence(MethodRunner.java:46)
at org.testng.internal.TestInvoker$MethodInvocationAgent.invoke(TestInvoker.java:822)
at org.testng.internal.TestInvoker.invokeTestMethods(TestInvoker.java:147)
at org.testng.internal.TestMethodWorker.invokeTestMethods(TestMethodWorker.java:146)
at org.testng.internal.TestMethodWorker.run(TestMethodWorker.java:128)
at java.util.ArrayList.forEach(ArrayList.java:1259)
at org.testng.TestRunner.privateRun(TestRunner.java:764)
at org.testng.TestRunner.run(TestRunner.java:585)
at org.testng.SuiteRunner.runTest(SuiteRunner.java:384)
at org.testng.SuiteRunner.runSequentially(SuiteRunner.java:378)
at org.testng.SuiteRunner.privateRun(SuiteRunner.java:337)
at org.testng.SuiteRunner.run(SuiteRunner.java:286)
at org.testng.SuiteRunnerWorker.runSuite(SuiteRunnerWorker.java:53)
at org.testng.SuiteRunnerWorker.run(SuiteRunnerWorker.java:96)
at org.testng.TestNG.runSuitesSequentially(TestNG.java:1218)
at org.testng.TestNG.runSuitesLocally(TestNG.java:1140)
at org.testng.TestNG.runSuites(TestNG.java:1069)
at org.testng.TestNG.run(TestNG.java:1037)
at org.testng.remote.AbstractRemoteTestNG.run(AbstractRemoteTestNG.java:115)
at org.testng.remote.RemoteTestNG.initAndRun(RemoteTestNG.java:251)
at org.testng.remote.RemoteTestNG.main(RemoteTestNG.java:77)
]]>
    </error>
  </testcase> <!-- setUp -->
  <system-out/>
  <testcase name="selectFacilityPage" time="0.000" classname="com.ort.qa.testcases.SelectFacilityPageTest">
    <skipped/>
  </testcase> <!-- selectFacilityPage -->
  <system-out/>
=======
<<<<<<< HEAD
<testsuite skipped="0" hostname="DESKTOP-B8QHPPA" name="com.ort.qa.testcases.SelectFacilityPageTest" tests="1" failures="0" timestamp="18 May 2021 06:07:53 GMT" time="27.606" errors="0">
  <testcase name="selectFacilityPage" time="27.606" classname="com.ort.qa.testcases.SelectFacilityPageTest"/>
=======
<<<<<<< HEAD
<testsuite skipped="0" hostname="Saurabh" name="com.ort.qa.testcases.SelectFacilityPageTest" tests="1" failures="0" timestamp="2021-05-17T16:58:29 IST" time="20.146" errors="0">
  <testcase name="selectFacilityPage" time="20.146" classname="com.ort.qa.testcases.SelectFacilityPageTest"/>
  <system-out/>
=======
<testsuite skipped="0" hostname="DESKTOP-B8QHPPA" name="com.ort.qa.testcases.SelectFacilityPageTest" tests="1" failures="0" timestamp="17 May 2021 09:32:37 GMT" time="26.601" errors="0">
  <testcase name="selectFacilityPage" time="26.601" classname="com.ort.qa.testcases.SelectFacilityPageTest"/>
>>>>>>> 097fb37048dbf072db7c2c833b000211b77e4220
>>>>>>> dd5fb309fab58b0282c8760d748705eb835aa9a8
>>>>>>> 4a37218f6f4c2f0e5701568f5d77aaeea7bd2f62
</testsuite> <!-- com.ort.qa.testcases.SelectFacilityPageTest -->
