<?xml version="1.0" encoding="UTF-8"?>
<!-- Generated by org.testng.reporters.JUnitReportReporter -->
<testsuite skipped="0" hostname="PavanSharma" name="com.ort.qa.testcases.NurseDashboardClickOnHoldMenu" tests="1" failures="0" timestamp="2021-05-20T12:49:17 IST" time="35.135" errors="0">
  <testcase name="clickOnHoldMenu" time="35.135" classname="com.ort.qa.testcases.NurseDashboardClickOnHoldMenu"/>
  <system-out/>
</testsuite> <!-- com.ort.qa.testcases.NurseDashboardClickOnHoldMenu -->
