<?xml version="1.0" encoding="UTF-8"?>
<!-- Generated by org.testng.reporters.JUnitReportReporter -->
<testsuite skipped="0" hostname="DESKTOP-B8QHPPA" name="com.ort.qa.testcases.CaseQueuePageTest" tests="2" failures="0" timestamp="24 Jun 2021 12:35:35 GMT" time="30.239" errors="0">
  <testcase name="openCases" time="15.066" classname="com.ort.qa.testcases.CaseQueuePageTest"/>
  <testcase name="openCases" time="15.173" classname="com.ort.qa.testcases.CaseQueuePageTest"/>
</testsuite> <!-- com.ort.qa.testcases.CaseQueuePageTest -->
