<?xml version="1.0" encoding="UTF-8"?>
<!-- Generated by org.testng.reporters.JUnitReportReporter -->
<testsuite skipped="0" hostname="PavanSharma" name="com.ort.qa.testcases.NurseDashboardClickProfileMenu" tests="1" failures="0" timestamp="2021-05-20T16:21:51 IST" time="22.231" errors="0">
  <testcase name="clickProfileMenu" time="22.231" classname="com.ort.qa.testcases.NurseDashboardClickProfileMenu"/>
  <system-out/>
</testsuite> <!-- com.ort.qa.testcases.NurseDashboardClickProfileMenu -->
