<?xml version="1.0" encoding="UTF-8"?>
<!-- Generated by org.testng.reporters.JUnitReportReporter -->
<testsuite skipped="0" hostname="DESKTOP-B8QHPPA" name="com.ort.qa.testcases.SPDOnHoldPageTest" tests="1" failures="0" timestamp="01 Jun 2021 06:28:52 GMT" time="43.746" errors="0">
  <testcase name="searchPatient" time="43.746" classname="com.ort.qa.testcases.SPDOnHoldPageTest"/>
</testsuite> <!-- com.ort.qa.testcases.SPDOnHoldPageTest -->
