<?xml version="1.0" encoding="UTF-8"?>
<!-- Generated by org.testng.reporters.JUnitReportReporter -->
<testsuite skipped="0" hostname="PavanSharma" name="com.ort.qa.testcases.NurseDashboardClickInProgressMenu" tests="1" failures="0" timestamp="2021-05-20T14:26:22 IST" time="2.087" errors="0">
  <testcase name="clickInProcessMenu" time="2.087" classname="com.ort.qa.testcases.NurseDashboardClickInProgressMenu"/>
  <system-out/>
</testsuite> <!-- com.ort.qa.testcases.NurseDashboardClickInProgressMenu -->
