<?xml version="1.0" encoding="UTF-8"?>
<!-- Generated by org.testng.reporters.JUnitReportReporter -->
<testsuite skipped="0" hostname="DESKTOP-B8QHPPA" name="com.ort.qa.testcases.CreateCaseProcedureSelectionFlowTest" tests="4" failures="0" timestamp="14 Jun 2021 12:39:33 GMT" time="317.082" errors="0">
  <testcase name="createCaseProcedureSelectionFlowTest" time="77.787" classname="com.ort.qa.testcases.CreateCaseProcedureSelectionFlowTest"/>
  <testcase name="createCaseProcedureSelectionFlowTest" time="79.077" classname="com.ort.qa.testcases.CreateCaseProcedureSelectionFlowTest"/>
  <testcase name="createCaseProcedureSelectionFlowTest" time="86.643" classname="com.ort.qa.testcases.CreateCaseProcedureSelectionFlowTest"/>
  <testcase name="createCaseProcedureSelectionFlowTest" time="73.575" classname="com.ort.qa.testcases.CreateCaseProcedureSelectionFlowTest"/>
</testsuite> <!-- com.ort.qa.testcases.CreateCaseProcedureSelectionFlowTest -->
