<?xml version="1.0" encoding="UTF-8"?>
<!-- Generated by org.testng.reporters.JUnitReportReporter -->
<testsuite skipped="0" hostname="DESKTOP-B8QHPPA" name="com.ort.qa.testcases.CreateCaseFindPatientPageTest" tests="2" failures="0" timestamp="18 Jun 2021 05:43:30 GMT" time="183.831" errors="0">
  <testcase name="createCaseFindPatientLongFlowTest" time="95.377" classname="com.ort.qa.testcases.CreateCaseFindPatientPageTest"/>
  <testcase name="createCaseFindPatientLongFlowTest" time="88.454" classname="com.ort.qa.testcases.CreateCaseFindPatientPageTest"/>
</testsuite> <!-- com.ort.qa.testcases.CreateCaseFindPatientPageTest -->
