<?xml version="1.0" encoding="UTF-8"?>
<!-- Generated by org.testng.reporters.JUnitReportReporter -->
<testsuite skipped="0" hostname="PavanSharma" name="com.ort.qa.testcases.NurseDashboardClickAlertMenu" tests="1" failures="0" timestamp="2021-05-20T16:56:10 IST" time="4.117" errors="0">
  <testcase name="clickAlertMenu" time="4.117" classname="com.ort.qa.testcases.NurseDashboardClickAlertMenu"/>
  <system-out/>
</testsuite> <!-- com.ort.qa.testcases.NurseDashboardClickAlertMenu -->
