<?xml version="1.0" encoding="UTF-8"?>
<!-- Generated by org.testng.reporters.JUnitReportReporter -->
<testsuite skipped="0" hostname="DESKTOP-B8QHPPA" name="com.ort.qa.testcases.OpenCasesPageTest" tests="1" failures="0" timestamp="23 Jun 2021 14:08:24 GMT" time="16.903" errors="0">
  <testcase name="openCases" time="16.903" classname="com.ort.qa.testcases.OpenCasesPageTest"/>
</testsuite> <!-- com.ort.qa.testcases.OpenCasesPageTest -->
