<?xml version="1.0" encoding="UTF-8"?>
<!-- Generated by org.testng.reporters.JUnitReportReporter -->
<testsuite skipped="1" hostname="Saurabh" name="com.ort.qa.testcases.LoginPageTest" tests="4" failures="0" timestamp="2021-05-17T16:49:25 IST" time="29.708" errors="0">
  <testcase name="loginPageTiltleTest" time="6.481" classname="com.ort.qa.testcases.LoginPageTest"/>
  <system-out/>
  <testcase name="ortLogoImageTest" time="11.362" classname="com.ort.qa.testcases.LoginPageTest"/>
  <system-out/>
  <testcase name="loginTest" time="11.865" classname="com.ort.qa.testcases.LoginPageTest"/>
  <system-out/>
  <testcase name="LoginTest" classname="com.ort.qa.testcases.LoginPageTest">
    <skipped/>
  </testcase> <!-- LoginTest -->
  <system-out/>
</testsuite> <!-- com.ort.qa.testcases.LoginPageTest -->
