<?xml version="1.0" encoding="UTF-8"?>
<!-- Generated by org.testng.reporters.JUnitReportReporter -->
<testsuite skipped="0" hostname="DESKTOP-B8QHPPA" name="com.ort.qa.testcases.NurseDashboardPageTest" tests="1" failures="0" timestamp="18 May 2021 11:01:03 GMT" time="28.084" errors="0">
  <testcase name="createCaseTest" time="28.084" classname="com.ort.qa.testcases.NurseDashboardPageTest"/>
</testsuite> <!-- com.ort.qa.testcases.NurseDashboardPageTest -->
