<?xml version="1.0" encoding="UTF-8"?>
<!-- Generated by org.testng.reporters.JUnitReportReporter -->
<testsuite skipped="0" hostname="DESKTOP-B8QHPPA" name="com.ort.qa.testcases.CreateCaseFindPatientPageTest" tests="1" failures="0" timestamp="24 May 2021 12:36:45 GMT" time="36.385" errors="0">
  <testcase name="createCaseFindPatientPageTest" time="36.385" classname="com.ort.qa.testcases.CreateCaseFindPatientPageTest"/>
</testsuite> <!-- com.ort.qa.testcases.CreateCaseFindPatientPageTest -->
