<?xml version="1.0" encoding="UTF-8"?>
<!-- Generated by org.testng.reporters.JUnitReportReporter -->
<testsuite skipped="0" hostname="PavanSharma" name="com.ort.qa.testcases.NurseDashboardClickCreateCaseDashboard" tests="1" failures="0" timestamp="2021-05-20T17:06:57 IST" time="4.102" errors="0">
  <testcase name="clickCreateCaseDashboard" time="4.102" classname="com.ort.qa.testcases.NurseDashboardClickCreateCaseDashboard"/>
  <system-out/>
</testsuite> <!-- com.ort.qa.testcases.NurseDashboardClickCreateCaseDashboard -->
