<?xml version="1.0" encoding="UTF-8"?>
<!-- Generated by org.testng.reporters.JUnitReportReporter -->
<testsuite skipped="0" hostname="DESKTOP-B8QHPPA" name="com.ort.qa.testcases.CaseQueuePageTest" tests="1" failures="0" timestamp="25 Jun 2021 12:08:40 GMT" time="18.225" errors="0">
  <testcase name="openCases" time="18.225" classname="com.ort.qa.testcases.CaseQueuePageTest"/>
</testsuite> <!-- com.ort.qa.testcases.CaseQueuePageTest -->
