<?xml version="1.0" encoding="UTF-8"?>
<!-- Generated by org.testng.reporters.JUnitReportReporter -->
<testsuite skipped="0" hostname="PavanSharma" name="com.ort.qa.testcases.NurseDashboardClickOnHoldDashboard" tests="1" failures="0" timestamp="2021-05-20T12:32:29 IST" time="29.952" errors="0">
  <testcase name="clickOnHoldDashboard" time="29.952" classname="com.ort.qa.testcases.NurseDashboardClickOnHoldDashboard"/>
  <system-out/>
</testsuite> <!-- com.ort.qa.testcases.NurseDashboardClickOnHoldDashboard -->
