<?xml version="1.0" encoding="UTF-8"?>
<!-- Generated by org.testng.reporters.JUnitReportReporter -->
<testsuite skipped="0" hostname="DESKTOP-B8QHPPA" name="com.ort.qa.testcases.LoginPageTest" tests="2" failures="0" timestamp="22 May 2021 11:31:28 GMT" time="31.513" errors="0">
  <testcase name="LoginTest" time="14.758" classname="com.ort.qa.testcases.LoginPageTest"/>
  <testcase name="LoginTest" time="16.755" classname="com.ort.qa.testcases.LoginPageTest"/>
</testsuite> <!-- com.ort.qa.testcases.LoginPageTest -->
