<?xml version="1.0" encoding="UTF-8"?>
<!-- Generated by org.testng.reporters.JUnitReportReporter -->
<testsuite skipped="0" hostname="PavanSharma" name="com.ort.qa.testcases.SPDDashboardPageTest" tests="15" failures="0" timestamp="2021-05-24T18:53:35 IST" time="433.360" errors="0">
  <testcase name="verifyDashboardPageTitleTest" time="27.132" classname="com.ort.qa.testcases.SPDDashboardPageTest"/>
  <system-out/>
  <testcase name="verifyMenuOptionVisibility" time="27.839" classname="com.ort.qa.testcases.SPDDashboardPageTest"/>
  <system-out/>
  <testcase name="verifyDashboardOptionVisibility" time="27.931" classname="com.ort.qa.testcases.SPDDashboardPageTest"/>
  <system-out/>
  <testcase name="clickInProcessDashboard" time="29.312" classname="com.ort.qa.testcases.SPDDashboardPageTest"/>
  <system-out/>
  <testcase name="clickOnHoldDashboard" time="29.182" classname="com.ort.qa.testcases.SPDDashboardPageTest"/>
  <system-out/>
  <testcase name="clickSearchCaseDashboardSPD" time="29.755" classname="com.ort.qa.testcases.SPDDashboardPageTest"/>
  <system-out/>
  <testcase name="clickCaseQueueDashboardSPD" time="29.170" classname="com.ort.qa.testcases.SPDDashboardPageTest"/>
  <system-out/>
  <testcase name="clickInProcessMenu" time="31.603" classname="com.ort.qa.testcases.SPDDashboardPageTest"/>
  <system-out/>
  <testcase name="clickOnHoldMenu" time="29.480" classname="com.ort.qa.testcases.SPDDashboardPageTest"/>
  <system-out/>
  <testcase name="clickSearchCaseMenu" time="29.015" classname="com.ort.qa.testcases.SPDDashboardPageTest"/>
  <system-out/>
  <testcase name="clickCaseQueueMenuSPD" time="28.439" classname="com.ort.qa.testcases.SPDDashboardPageTest"/>
  <system-out/>
  <testcase name="clickProfileMenu" time="27.880" classname="com.ort.qa.testcases.SPDDashboardPageTest"/>
  <system-out/>
  <testcase name="clickNurseSwitchLocationMenuSPD" time="29.501" classname="com.ort.qa.testcases.SPDDashboardPageTest"/>
  <system-out/>
  <testcase name="clickLogoutMenu" time="28.307" classname="com.ort.qa.testcases.SPDDashboardPageTest"/>
  <system-out/>
  <testcase name="clickAlertMenu" time="28.814" classname="com.ort.qa.testcases.SPDDashboardPageTest"/>
  <system-out/>
</testsuite> <!-- com.ort.qa.testcases.SPDDashboardPageTest -->
