<?xml version="1.0" encoding="UTF-8"?>
<!-- Generated by org.testng.reporters.JUnitReportReporter -->
<testsuite skipped="0" hostname="DESKTOP-B8QHPPA" name="TestCases.NurseDashboardPageTest" tests="1" failures="0" timestamp="14 May 2021 10:23:05 GMT" time="17.819" errors="0">
  <testcase name="verifyDashboardPageTitleTest" time="17.819" classname="TestCases.NurseDashboardPageTest"/>
</testsuite> <!-- TestCases.NurseDashboardPageTest -->
