<?xml version="1.0" encoding="UTF-8"?>
<!-- Generated by org.testng.reporters.JUnitReportReporter -->
<testsuite skipped="1" hostname="DESKTOP-B8QHPPA" name="com.ort.qa.testcases.LoginPageTest" tests="2" failures="0" timestamp="16 May 2021 15:25:33 GMT" time="14.962" errors="0">
  <testcase name="loginTest" time="14.962" classname="com.ort.qa.testcases.LoginPageTest"/>
  <testcase name="LoginTest" classname="com.ort.qa.testcases.LoginPageTest">
    <skipped/>
  </testcase> <!-- LoginTest -->
</testsuite> <!-- com.ort.qa.testcases.LoginPageTest -->
