<?xml version="1.0" encoding="UTF-8"?>
<!-- Generated by org.testng.reporters.JUnitReportReporter -->
<testsuite skipped="0" hostname="PavanSharma" name="com.ort.qa.testcases.SurgeonDashboardPageTest" tests="15" failures="0" timestamp="2021-05-21T15:50:37 IST" time="426.312" errors="0">
  <testcase name="verifyDashboardPageTitleTest" time="24.277" classname="com.ort.qa.testcases.SurgeonDashboardPageTest"/>
  <system-out/>
  <testcase name="verifyMenuOptionVisibility" time="27.249" classname="com.ort.qa.testcases.SurgeonDashboardPageTest"/>
  <system-out/>
  <testcase name="verifyDashboardOptionVisibility" time="28.420" classname="com.ort.qa.testcases.SurgeonDashboardPageTest"/>
  <system-out/>
  <testcase name="clickCreateCaseDashboard" time="27.505" classname="com.ort.qa.testcases.SurgeonDashboardPageTest"/>
  <system-out/>
  <testcase name="clickSearchCaseDashboard" time="28.244" classname="com.ort.qa.testcases.SurgeonDashboardPageTest"/>
  <system-out/>
  <testcase name="clickOpenCaseDashboard" time="28.569" classname="com.ort.qa.testcases.SurgeonDashboardPageTest"/>
  <system-out/>
  <testcase name="clickORtelligenceDashboard" time="29.577" classname="com.ort.qa.testcases.SurgeonDashboardPageTest"/>
  <system-out/>
  <testcase name="clickCreateCaseMenu" time="28.886" classname="com.ort.qa.testcases.SurgeonDashboardPageTest"/>
  <system-out/>
  <testcase name="clickSearchCaseMenu" time="29.211" classname="com.ort.qa.testcases.SurgeonDashboardPageTest"/>
  <system-out/>
  <testcase name="clickOpenCaseMenu" time="29.018" classname="com.ort.qa.testcases.SurgeonDashboardPageTest"/>
  <system-out/>
  <testcase name="clickORtelligenceMenu" time="29.087" classname="com.ort.qa.testcases.SurgeonDashboardPageTest"/>
  <system-out/>
  <testcase name="clickProfileMenu" time="28.045" classname="com.ort.qa.testcases.SurgeonDashboardPageTest"/>
  <system-out/>
  <testcase name="clickNurseSwitchLocationMenu" time="30.271" classname="com.ort.qa.testcases.SurgeonDashboardPageTest"/>
  <system-out/>
  <testcase name="clickLogoutMenu" time="29.765" classname="com.ort.qa.testcases.SurgeonDashboardPageTest"/>
  <system-out/>
  <testcase name="clickAlertMenu" time="28.188" classname="com.ort.qa.testcases.SurgeonDashboardPageTest"/>
  <system-out/>
</testsuite> <!-- com.ort.qa.testcases.SurgeonDashboardPageTest -->
