<?xml version="1.0" encoding="UTF-8"?>
<!-- Generated by org.testng.reporters.JUnitReportReporter -->
<testsuite skipped="0" hostname="PavanSharma" name="com.ort.qa.testcases.NurseDashboardClickOpenCaseDashboard" tests="1" failures="0" timestamp="2021-05-20T12:39:23 IST" time="22.203" errors="0">
  <testcase name="clickOpenCaseDashboard" time="22.203" classname="com.ort.qa.testcases.NurseDashboardClickOpenCaseDashboard"/>
  <system-out/>
</testsuite> <!-- com.ort.qa.testcases.NurseDashboardClickOpenCaseDashboard -->
