<?xml version="1.0" encoding="UTF-8"?>
<!-- Generated by org.testng.reporters.JUnitReportReporter -->
<testsuite skipped="0" hostname="PavanSharma" name="com.ort.qa.testcases.HCPDashboardPageTest" tests="15" failures="0" timestamp="2021-05-24T18:42:17 IST" time="433.129" errors="0">
  <testcase name="verifyDashboardPageTitleTest" time="24.572" classname="com.ort.qa.testcases.HCPDashboardPageTest"/>
  <system-out/>
  <testcase name="verifyMenuOptionVisibility" time="26.174" classname="com.ort.qa.testcases.HCPDashboardPageTest"/>
  <system-out/>
  <testcase name="verifyDashboardOptionVisibility" time="27.188" classname="com.ort.qa.testcases.HCPDashboardPageTest"/>
  <system-out/>
  <testcase name="clickCreateCaseDashboard" time="28.337" classname="com.ort.qa.testcases.HCPDashboardPageTest"/>
  <system-out/>
  <testcase name="clickSearchCaseDashboard" time="30.023" classname="com.ort.qa.testcases.HCPDashboardPageTest"/>
  <system-out/>
  <testcase name="clickOpenCaseDashboard" time="31.434" classname="com.ort.qa.testcases.HCPDashboardPageTest"/>
  <system-out/>
  <testcase name="clickORtelligenceDashboard" time="29.647" classname="com.ort.qa.testcases.HCPDashboardPageTest"/>
  <system-out/>
  <testcase name="clickCreateCaseMenu" time="29.426" classname="com.ort.qa.testcases.HCPDashboardPageTest"/>
  <system-out/>
  <testcase name="clickSearchCaseMenu" time="29.931" classname="com.ort.qa.testcases.HCPDashboardPageTest"/>
  <system-out/>
  <testcase name="clickOpenCaseMenu" time="30.397" classname="com.ort.qa.testcases.HCPDashboardPageTest"/>
  <system-out/>
  <testcase name="clickORtelligenceMenu" time="28.950" classname="com.ort.qa.testcases.HCPDashboardPageTest"/>
  <system-out/>
  <testcase name="clickProfileMenu" time="29.507" classname="com.ort.qa.testcases.HCPDashboardPageTest"/>
  <system-out/>
  <testcase name="clickNurseSwitchLocationMenu" time="29.069" classname="com.ort.qa.testcases.HCPDashboardPageTest"/>
  <system-out/>
  <testcase name="clickLogoutMenu" time="29.220" classname="com.ort.qa.testcases.HCPDashboardPageTest"/>
  <system-out/>
  <testcase name="clickAlertMenu" time="29.254" classname="com.ort.qa.testcases.HCPDashboardPageTest"/>
  <system-out/>
</testsuite> <!-- com.ort.qa.testcases.HCPDashboardPageTest -->
