<?xml version="1.0" encoding="UTF-8"?>
<!-- Generated by org.testng.reporters.JUnitReportReporter -->
<testsuite skipped="0" hostname="PavanSharma" name="com.ort.qa.testcases.NurseDashboardClickInProcessDashboard" tests="1" failures="0" timestamp="2021-05-20T12:27:46 IST" time="46.446" errors="0">
  <testcase name="clickInProcessDashboard" time="46.446" classname="com.ort.qa.testcases.NurseDashboardClickInProcessDashboard"/>
  <system-out/>
</testsuite> <!-- com.ort.qa.testcases.NurseDashboardClickInProcessDashboard -->
