<?xml version="1.0" encoding="UTF-8"?>
<!-- Generated by org.testng.reporters.JUnitReportReporter -->
<testsuite skipped="0" hostname="PavanSharma" name="com.ort.qa.testcases.HCPDashboardPageTest" tests="15" failures="0" timestamp="2021-05-21T15:00:50 IST" time="398.074" errors="0">
  <testcase name="verifyDashboardPageTitleTest" time="22.545" classname="com.ort.qa.testcases.HCPDashboardPageTest"/>
  <system-out/>
  <testcase name="verifyMenuOptionVisibility" time="26.216" classname="com.ort.qa.testcases.HCPDashboardPageTest"/>
  <system-out/>
  <testcase name="verifyDashboardOptionVisibility" time="25.924" classname="com.ort.qa.testcases.HCPDashboardPageTest"/>
  <system-out/>
  <testcase name="clickCreateCaseDashboard" time="26.851" classname="com.ort.qa.testcases.HCPDashboardPageTest"/>
  <system-out/>
  <testcase name="clickSearchCaseDashboard" time="26.825" classname="com.ort.qa.testcases.HCPDashboardPageTest"/>
  <system-out/>
  <testcase name="clickOpenCaseDashboard" time="26.785" classname="com.ort.qa.testcases.HCPDashboardPageTest"/>
  <system-out/>
  <testcase name="clickORtelligenceDashboard" time="27.124" classname="com.ort.qa.testcases.HCPDashboardPageTest"/>
  <system-out/>
  <testcase name="clickCreateCaseMenu" time="27.305" classname="com.ort.qa.testcases.HCPDashboardPageTest"/>
  <system-out/>
  <testcase name="clickSearchCaseMenu" time="25.616" classname="com.ort.qa.testcases.HCPDashboardPageTest"/>
  <system-out/>
  <testcase name="clickOpenCaseMenu" time="26.971" classname="com.ort.qa.testcases.HCPDashboardPageTest"/>
  <system-out/>
  <testcase name="clickORtelligenceMenu" time="25.856" classname="com.ort.qa.testcases.HCPDashboardPageTest"/>
  <system-out/>
  <testcase name="clickProfileMenu" time="27.032" classname="com.ort.qa.testcases.HCPDashboardPageTest"/>
  <system-out/>
  <testcase name="clickNurseSwitchLocationMenu" time="28.227" classname="com.ort.qa.testcases.HCPDashboardPageTest"/>
  <system-out/>
  <testcase name="clickLogoutMenu" time="28.490" classname="com.ort.qa.testcases.HCPDashboardPageTest"/>
  <system-out/>
  <testcase name="clickAlertMenu" time="26.307" classname="com.ort.qa.testcases.HCPDashboardPageTest"/>
  <system-out/>
</testsuite> <!-- com.ort.qa.testcases.HCPDashboardPageTest -->
