<?xml version="1.0" encoding="UTF-8"?>
<!-- Generated by org.testng.reporters.JUnitReportReporter -->
<testsuite skipped="0" hostname="Saurabh" name="com.ort.qa.testcases.SelectFacilityPageTest" tests="1" failures="0" timestamp="2021-05-17T16:58:29 IST" time="20.146" errors="0">
  <testcase name="selectFacilityPage" time="20.146" classname="com.ort.qa.testcases.SelectFacilityPageTest"/>
  <system-out/>
</testsuite> <!-- com.ort.qa.testcases.SelectFacilityPageTest -->
