<?xml version="1.0" encoding="UTF-8"?>
<!-- Generated by org.testng.reporters.JUnitReportReporter -->
<testsuite skipped="0" hostname="PavanSharma" name="com.ort.qa.testcases.NurseDashboardPageTest" tests="1" failures="0" timestamp="2021-05-26T14:26:04 IST" time="31.879" errors="0">
  <testcase name="clickCreateCaseDashboard" time="31.879" classname="com.ort.qa.testcases.NurseDashboardPageTest"/>
  <system-out/>
</testsuite> <!-- com.ort.qa.testcases.NurseDashboardPageTest -->
