<?xml version="1.0" encoding="UTF-8"?>
<!-- Generated by org.testng.reporters.JUnitReportReporter -->
<testsuite skipped="0" hostname="DESKTOP-B8QHPPA" name="com.ort.qa.testcases.CartReviewPageTest" tests="2" failures="0" timestamp="24 Jun 2021 12:53:23 GMT" time="29.659" errors="0">
  <testcase name="openCases" time="14.776" classname="com.ort.qa.testcases.CartReviewPageTest"/>
  <testcase name="openCases" time="14.883" classname="com.ort.qa.testcases.CartReviewPageTest"/>
</testsuite> <!-- com.ort.qa.testcases.CartReviewPageTest -->
