<?xml version="1.0" encoding="UTF-8"?>
<!-- Generated by org.testng.reporters.JUnitReportReporter -->
<testsuite skipped="0" hostname="DESKTOP-B8QHPPA" name="com.ort.qa.testcases.SelectFacilityPageTest" tests="1" failures="0" timestamp="09 Jun 2021 12:24:18 GMT" time="28.385" errors="0">
  <testcase name="selectFacilityFromDropdown" time="28.385" classname="com.ort.qa.testcases.SelectFacilityPageTest"/>
</testsuite> <!-- com.ort.qa.testcases.SelectFacilityPageTest -->
