<?xml version="1.0" encoding="UTF-8"?>
<!-- Generated by org.testng.reporters.JUnitReportReporter -->
<testsuite skipped="0" hostname="PavanSharma" name="com.ort.qa.testcases.NurseDashboardPageTest" tests="21" failures="0" timestamp="2021-05-21T17:46:04 IST" time="577.043" errors="0">
  <testcase name="verifyDashboardPageTitleTest" time="24.773" classname="com.ort.qa.testcases.NurseDashboardPageTest"/>
  <system-out/>
  <testcase name="verifyMenuOptionVisibility" time="27.025" classname="com.ort.qa.testcases.NurseDashboardPageTest"/>
  <system-out/>
  <testcase name="verifyDashboardOptionVisibility" time="28.004" classname="com.ort.qa.testcases.NurseDashboardPageTest"/>
  <system-out/>
  <testcase name="clickInProcessDashboard" time="29.020" classname="com.ort.qa.testcases.NurseDashboardPageTest"/>
  <system-out/>
  <testcase name="clickOnHoldDashboard" time="27.311" classname="com.ort.qa.testcases.NurseDashboardPageTest"/>
  <system-out/>
  <testcase name="clickCartReviewDashboard" time="28.168" classname="com.ort.qa.testcases.NurseDashboardPageTest"/>
  <system-out/>
  <testcase name="clickCreateCaseDashboard" time="26.893" classname="com.ort.qa.testcases.NurseDashboardPageTest"/>
  <system-out/>
  <testcase name="clickSearchCaseDashboard" time="27.913" classname="com.ort.qa.testcases.NurseDashboardPageTest"/>
  <system-out/>
  <testcase name="clickOpenCaseDashboard" time="26.885" classname="com.ort.qa.testcases.NurseDashboardPageTest"/>
  <system-out/>
  <testcase name="clickORtelligenceDashboard" time="27.285" classname="com.ort.qa.testcases.NurseDashboardPageTest"/>
  <system-out/>
  <testcase name="clickInProcessMenu" time="27.298" classname="com.ort.qa.testcases.NurseDashboardPageTest"/>
  <system-out/>
  <testcase name="clickOnHoldMenu" time="26.386" classname="com.ort.qa.testcases.NurseDashboardPageTest"/>
  <system-out/>
  <testcase name="clickCartReviewMenu" time="27.337" classname="com.ort.qa.testcases.NurseDashboardPageTest"/>
  <system-out/>
  <testcase name="clickCreateCaseMenu" time="29.027" classname="com.ort.qa.testcases.NurseDashboardPageTest"/>
  <system-out/>
  <testcase name="clickSearchCaseMenu" time="27.874" classname="com.ort.qa.testcases.NurseDashboardPageTest"/>
  <system-out/>
  <testcase name="clickOpenCaseMenu" time="26.479" classname="com.ort.qa.testcases.NurseDashboardPageTest"/>
  <system-out/>
  <testcase name="clickORtelligenceMenu" time="26.697" classname="com.ort.qa.testcases.NurseDashboardPageTest"/>
  <system-out/>
  <testcase name="clickProfileMenu" time="27.308" classname="com.ort.qa.testcases.NurseDashboardPageTest"/>
  <system-out/>
  <testcase name="clickNurseSwitchLocationMenu" time="26.407" classname="com.ort.qa.testcases.NurseDashboardPageTest"/>
  <system-out/>
  <testcase name="clickAlertMenu" time="29.366" classname="com.ort.qa.testcases.NurseDashboardPageTest"/>
  <system-out/>
  <testcase name="clickLogoutMenu" time="29.587" classname="com.ort.qa.testcases.NurseDashboardPageTest"/>
  <system-out/>
</testsuite> <!-- com.ort.qa.testcases.NurseDashboardPageTest -->
