<?xml version="1.0" encoding="UTF-8"?>
<!-- Generated by org.testng.reporters.JUnitReportReporter -->
<testsuite skipped="0" hostname="DESKTOP-B8QHPPA" name="com.ort.qa.testcases.CreateCaseFlowPageTest" tests="6" failures="0" timestamp="22 Jun 2021 04:19:02 GMT" time="406.348" errors="0">
  <testcase name="createCaseFindPatientLongFlowTest" time="55.029" classname="com.ort.qa.testcases.CreateCaseFlowPageTest"/>
  <testcase name="createCaseFindPatientLongFlowTest" time="54.983" classname="com.ort.qa.testcases.CreateCaseFlowPageTest"/>
  <testcase name="createCasePreferenceCardFlowTest" time="74.820" classname="com.ort.qa.testcases.CreateCaseFlowPageTest"/>
  <testcase name="createCasePreferenceCardFlowTest" time="91.128" classname="com.ort.qa.testcases.CreateCaseFlowPageTest"/>
  <testcase name="createCaseProcedureSelectionFlowTest" time="69.575" classname="com.ort.qa.testcases.CreateCaseFlowPageTest"/>
  <testcase name="createCaseProcedureSelectionFlowTest" time="60.813" classname="com.ort.qa.testcases.CreateCaseFlowPageTest"/>
</testsuite> <!-- com.ort.qa.testcases.CreateCaseFlowPageTest -->
