<?xml version="1.0" encoding="UTF-8"?>
<!-- Generated by org.testng.reporters.JUnitReportReporter -->
<testsuite skipped="0" hostname="PavanSharma" name="com.ort.qa.testcases.NurseDashboardMenuOptionsVisible" tests="1" failures="0" timestamp="2021-05-20T13:12:22 IST" time="33.348" errors="0">
  <testcase name="verifyMenuOptionVisibility" time="33.348" classname="com.ort.qa.testcases.NurseDashboardMenuOptionsVisible"/>
  <system-out/>
</testsuite> <!-- com.ort.qa.testcases.NurseDashboardMenuOptionsVisible -->
