<?xml version="1.0" encoding="UTF-8"?>
<!-- Generated by org.testng.reporters.JUnitReportReporter -->
<testsuite skipped="0" hostname="PavanSharma" name="com.ort.qa.testcases.NurseDashboardClickSwitchLocationMenu" tests="1" failures="0" timestamp="2021-05-21T13:16:58 IST" time="4.320" errors="0">
  <testcase name="clickSwitchLocationMenu" time="4.320" classname="com.ort.qa.testcases.NurseDashboardClickSwitchLocationMenu"/>
  <system-out/>
</testsuite> <!-- com.ort.qa.testcases.NurseDashboardClickSwitchLocationMenu -->
