<?xml version="1.0" encoding="UTF-8"?>
<!-- Generated by org.testng.reporters.JUnitReportReporter -->
<testsuite skipped="0" hostname="DESKTOP-B8QHPPA" name="com.ort.qa.testcases.SearchPatientPageTest" tests="1" failures="0" timestamp="01 Jun 2021 08:33:49 GMT" time="39.030" errors="0">
  <testcase name="searchPatient3" time="39.030" classname="com.ort.qa.testcases.SearchPatientPageTest"/>
</testsuite> <!-- com.ort.qa.testcases.SearchPatientPageTest -->
