<?xml version="1.0" encoding="UTF-8"?>
<!-- Generated by org.testng.reporters.JUnitReportReporter -->
<testsuite skipped="0" hostname="DESKTOP-B8QHPPA" name="com.ort.qa.testcases.SelectFacilityPageTest" tests="1" failures="0" timestamp="17 May 2021 06:14:10 GMT" time="17.711" errors="0">
  <testcase name="selectFacilityPage" time="17.711" classname="com.ort.qa.testcases.SelectFacilityPageTest"/>
</testsuite> <!-- com.ort.qa.testcases.SelectFacilityPageTest -->
