<?xml version="1.0" encoding="UTF-8"?>
<!-- Generated by org.testng.reporters.JUnitReportReporter -->
<testsuite skipped="0" hostname="PavanSharma" name="com.ort.qa.testcases.CreateCaseBasicDetailsTest" tests="1" failures="0" timestamp="2021-05-20T20:39:35 IST" time="72.600" errors="0">
  <testcase name="LoginTest" time="72.600" classname="com.ort.qa.testcases.CreateCaseBasicDetailsTest"/>
  <system-out/>
</testsuite> <!-- com.ort.qa.testcases.CreateCaseBasicDetailsTest -->
