<?xml version="1.0" encoding="UTF-8"?>
<!-- Generated by org.testng.reporters.JUnitReportReporter -->
<<<<<<< HEAD
<testsuite skipped="0" hostname="DESKTOP-B8QHPPA" name="com.ort.qa.testcases.SelectFacilityPageTest" tests="1" failures="0" timestamp="18 May 2021 06:07:53 GMT" time="27.606" errors="0">
  <testcase name="selectFacilityPage" time="27.606" classname="com.ort.qa.testcases.SelectFacilityPageTest"/>
=======
<<<<<<< HEAD
<testsuite skipped="0" hostname="Saurabh" name="com.ort.qa.testcases.SelectFacilityPageTest" tests="1" failures="0" timestamp="2021-05-17T16:58:29 IST" time="20.146" errors="0">
  <testcase name="selectFacilityPage" time="20.146" classname="com.ort.qa.testcases.SelectFacilityPageTest"/>
  <system-out/>
=======
<testsuite skipped="0" hostname="DESKTOP-B8QHPPA" name="com.ort.qa.testcases.SelectFacilityPageTest" tests="1" failures="0" timestamp="17 May 2021 09:32:37 GMT" time="26.601" errors="0">
  <testcase name="selectFacilityPage" time="26.601" classname="com.ort.qa.testcases.SelectFacilityPageTest"/>
>>>>>>> 097fb37048dbf072db7c2c833b000211b77e4220
>>>>>>> dd5fb309fab58b0282c8760d748705eb835aa9a8
</testsuite> <!-- com.ort.qa.testcases.SelectFacilityPageTest -->
