<?xml version="1.0" encoding="UTF-8"?>
<!-- Generated by org.testng.reporters.JUnitReportReporter -->
<testsuite skipped="0" hostname="PavanSharma" name="com.ort.qa.testcases.NurseDashboardClickLogoutMenu" tests="1" failures="0" timestamp="2021-05-20T16:31:31 IST" time="2.294" errors="0">
  <testcase name="clickLogoutMenu" time="2.294" classname="com.ort.qa.testcases.NurseDashboardClickLogoutMenu"/>
  <system-out/>
</testsuite> <!-- com.ort.qa.testcases.NurseDashboardClickLogoutMenu -->
