<?xml version="1.0" encoding="UTF-8"?>
<!-- Generated by org.testng.reporters.JUnitReportReporter -->
<testsuite skipped="0" hostname="PavanSharma" name="com.ort.qa.testcases.SearchPatientPageTest" tests="1" failures="0" timestamp="2021-05-28T11:15:06 IST" time="38.852" errors="0">
  <testcase name="searchPatient8" time="38.852" classname="com.ort.qa.testcases.SearchPatientPageTest"/>
  <system-out/>
</testsuite> <!-- com.ort.qa.testcases.SearchPatientPageTest -->
