<?xml version="1.0" encoding="UTF-8"?>
<!-- Generated by org.testng.reporters.JUnitReportReporter -->
<testsuite skipped="0" hostname="PavanSharma" name="com.ort.qa.testcases.NurseDashboardClickORtelligenceDashboard" tests="1" failures="0" timestamp="2021-05-20T12:41:28 IST" time="14.502" errors="0">
  <testcase name="clickORtelligenceDashboard" time="14.502" classname="com.ort.qa.testcases.NurseDashboardClickORtelligenceDashboard"/>
  <system-out/>
</testsuite> <!-- com.ort.qa.testcases.NurseDashboardClickORtelligenceDashboard -->
