<?xml version="1.0" encoding="UTF-8"?>
<!-- Generated by org.testng.reporters.JUnitReportReporter -->
<testsuite skipped="0" hostname="DESKTOP-B8QHPPA" name="com.ort.qa.testcases.CreateCaseFindPatientPageTest" tests="2" failures="0" timestamp="17 Jun 2021 09:52:17 GMT" time="175.500" errors="0">
  <testcase name="createCaseFindPatientLongFlowTest" time="85.738" classname="com.ort.qa.testcases.CreateCaseFindPatientPageTest"/>
  <testcase name="createCaseFindPatientLongFlowTest" time="89.762" classname="com.ort.qa.testcases.CreateCaseFindPatientPageTest"/>
</testsuite> <!-- com.ort.qa.testcases.CreateCaseFindPatientPageTest -->
