<?xml version="1.0" encoding="UTF-8"?>
<!-- Generated by org.testng.reporters.JUnitReportReporter -->
<testsuite skipped="0" hostname="PavanSharma" name="com.ort.qa.testcases.NurseDashboardClickSearchCaseDashboard" tests="1" failures="0" timestamp="2021-05-20T12:38:12 IST" time="32.428" errors="0">
  <testcase name="clickSearchCaseDashboard" time="32.428" classname="com.ort.qa.testcases.NurseDashboardClickSearchCaseDashboard"/>
  <system-out/>
</testsuite> <!-- com.ort.qa.testcases.NurseDashboardClickSearchCaseDashboard -->
