<?xml version="1.0" encoding="UTF-8"?>
<!-- Generated by org.testng.reporters.JUnitReportReporter -->
<testsuite skipped="0" hostname="PavanSharma" name="com.ort.qa.testcases.SPDDashboardPageTest" tests="1" failures="0" timestamp="2021-05-21T18:18:48 IST" time="30.592" errors="0">
  <testcase name="clickNurseSwitchLocationMenuSPD" time="30.592" classname="com.ort.qa.testcases.SPDDashboardPageTest"/>
  <system-out/>
</testsuite> <!-- com.ort.qa.testcases.SPDDashboardPageTest -->
