<?xml version="1.0" encoding="UTF-8"?>
<!-- Generated by org.testng.reporters.JUnitReportReporter -->
<testsuite skipped="1" hostname="DESKTOP-B8QHPPA" name="com.ort.qa.testcases.LoginPageTest" tests="2" failures="0" timestamp="18 May 2021 06:21:10 GMT" time="23.440" errors="0">
  <testcase name="loginTest" time="23.440" classname="com.ort.qa.testcases.LoginPageTest"/>
  <testcase name="LoginTest" classname="com.ort.qa.testcases.LoginPageTest">
    <skipped/>
  </testcase> <!-- LoginTest -->
</testsuite> <!-- com.ort.qa.testcases.LoginPageTest -->
