<?xml version="1.0" encoding="UTF-8"?>
<!-- Generated by org.testng.reporters.JUnitReportReporter -->
<testsuite skipped="0" hostname="DESKTOP-B8QHPPA" name="com.ort.qa.testcases.CaseQueuePageTest" tests="2" failures="0" timestamp="24 Jun 2021 08:49:38 GMT" time="29.862" errors="0">
  <testcase name="openCases" time="14.954" classname="com.ort.qa.testcases.CaseQueuePageTest"/>
  <testcase name="openCases" time="14.908" classname="com.ort.qa.testcases.CaseQueuePageTest"/>
</testsuite> <!-- com.ort.qa.testcases.CaseQueuePageTest -->
