<?xml version="1.0" encoding="UTF-8"?>
<!-- Generated by org.testng.reporters.JUnitReportReporter -->
<testsuite skipped="7" hostname="DESKTOP-B8QHPPA" name="com.ort.qa.testcases.CreateCaseFindPatientPageTest" tests="11" failures="0" timestamp="08 Jun 2021 12:13:10 GMT" time="305.823" errors="0">
  <testcase name="createCaseFindPatientLongFlowTest" time="70.109" classname="com.ort.qa.testcases.CreateCaseFindPatientPageTest"/>
  <testcase name="createCaseFindPatientLongFlowTest" time="86.217" classname="com.ort.qa.testcases.CreateCaseFindPatientPageTest"/>
  <testcase name="createCaseFindPatientLongFlowTest" time="70.700" classname="com.ort.qa.testcases.CreateCaseFindPatientPageTest"/>
  <testcase name="createCaseFindPatientLongFlowTest" time="78.797" classname="com.ort.qa.testcases.CreateCaseFindPatientPageTest"/>
  <testcase name="clickOnHip" classname="com.ort.qa.testcases.CreateCaseFindPatientPageTest">
    <skipped/>
  </testcase> <!-- clickOnHip -->
  <testcase name="clickOnPatientButton" classname="com.ort.qa.testcases.CreateCaseFindPatientPageTest">
    <skipped/>
  </testcase> <!-- clickOnPatientButton -->
  <testcase name="clickOnProcedure" classname="com.ort.qa.testcases.CreateCaseFindPatientPageTest">
    <skipped/>
  </testcase> <!-- clickOnProcedure -->
  <testcase name="clickOnPatientDropDownButton" classname="com.ort.qa.testcases.CreateCaseFindPatientPageTest">
    <skipped/>
  </testcase> <!-- clickOnPatientDropDownButton -->
  <testcase name="clickOnCheckBox" classname="com.ort.qa.testcases.CreateCaseFindPatientPageTest">
    <skipped/>
  </testcase> <!-- clickOnCheckBox -->
  <testcase name="clickOnNextButton" classname="com.ort.qa.testcases.CreateCaseFindPatientPageTest">
    <skipped/>
  </testcase> <!-- clickOnNextButton -->
  <testcase name="notesByDoctors" classname="com.ort.qa.testcases.CreateCaseFindPatientPageTest">
    <skipped/>
  </testcase> <!-- notesByDoctors -->
</testsuite> <!-- com.ort.qa.testcases.CreateCaseFindPatientPageTest -->
