<?xml version="1.0" encoding="UTF-8"?>
<!-- Generated by org.testng.reporters.JUnitReportReporter -->
<testsuite skipped="0" hostname="DESKTOP-B8QHPPA" name="TestCases.CreateCaseBasicDetailsTest" tests="1" failures="0" timestamp="10 May 2021 13:56:16 GMT" time="72.678" errors="0">
  <testcase name="LoginTest" time="72.678" classname="TestCases.CreateCaseBasicDetailsTest"/>
</testsuite> <!-- TestCases.CreateCaseBasicDetailsTest -->
