<?xml version="1.0" encoding="UTF-8"?>
<!-- Generated by org.testng.reporters.JUnitReportReporter -->
<testsuite skipped="0" hostname="PavanSharma" name="com.ort.qa.testcases.SearchPatientPageTest" tests="1" failures="0" timestamp="2021-05-26T19:53:55 IST" time="37.228" errors="0">
  <testcase name="searchPatient1" time="37.228" classname="com.ort.qa.testcases.SearchPatientPageTest"/>
  <system-out/>
</testsuite> <!-- com.ort.qa.testcases.SearchPatientPageTest -->
