<?xml version="1.0" encoding="UTF-8"?>
<!-- Generated by org.testng.reporters.JUnitReportReporter -->
<testsuite skipped="0" hostname="DESKTOP-B8QHPPA" name="com.ort.qa.testcases.CreateCaseFlowPageTest" tests="10" failures="0" timestamp="22 Jun 2021 12:27:51 GMT" time="432.305" errors="0">
  <testcase name="createCaseFindPatientLongFlowTest" time="56.921" classname="com.ort.qa.testcases.CreateCaseFlowPageTest"/>
  <testcase name="createCaseFindPatientLongFlowTest" time="60.058" classname="com.ort.qa.testcases.CreateCaseFlowPageTest"/>
  <testcase name="createCasePreferenceCardFlowTest" time="91.397" classname="com.ort.qa.testcases.CreateCaseFlowPageTest"/>
  <testcase name="createCasePreferenceCardFlowTest" time="70.935" classname="com.ort.qa.testcases.CreateCaseFlowPageTest"/>
  <testcase name="createCaseProcedureSelectionFlowTest" time="59.650" classname="com.ort.qa.testcases.CreateCaseFlowPageTest"/>
  <testcase name="createCaseProcedureSelectionFlowTest" time="59.422" classname="com.ort.qa.testcases.CreateCaseFlowPageTest"/>
  <testcase name="clickOnSearchCasesLink" time="0.076" classname="com.ort.qa.testcases.CreateCaseFlowPageTest"/>
  <testcase name="userSearchCases" time="16.874" classname="com.ort.qa.testcases.CreateCaseFlowPageTest"/>
  <testcase name="clickOnOpenCases" time="0.112" classname="com.ort.qa.testcases.CreateCaseFlowPageTest"/>
  <testcase name="openCases" time="16.860" classname="com.ort.qa.testcases.CreateCaseFlowPageTest"/>
</testsuite> <!-- com.ort.qa.testcases.CreateCaseFlowPageTest -->
