<?xml version="1.0" encoding="UTF-8"?>
<!-- Generated by org.testng.reporters.JUnitReportReporter -->
<testsuite skipped="0" hostname="Saurabh" name="com.ort.qa.testcases.NurseDashboardPageTest" tests="1" failures="0" timestamp="2021-05-17T16:53:08 IST" time="14.493" errors="0">
  <testcase name="verifyDashboardPageTitleTest" time="14.493" classname="com.ort.qa.testcases.NurseDashboardPageTest"/>
  <system-out/>
</testsuite> <!-- com.ort.qa.testcases.NurseDashboardPageTest -->
