<?xml version="1.0" encoding="UTF-8"?>
<!-- Generated by org.testng.reporters.JUnitReportReporter -->
<testsuite skipped="0" hostname="DESKTOP-B8QHPPA" name="com.ort.qa.testcases.CreateCaseFlowPageTest" tests="2" failures="0" timestamp="21 Jun 2021 11:52:25 GMT" time="111.902" errors="0">
  <testcase name="createCaseFindPatientLongFlowTest" time="55.809" classname="com.ort.qa.testcases.CreateCaseFlowPageTest"/>
  <testcase name="createCaseFindPatientLongFlowTest" time="56.093" classname="com.ort.qa.testcases.CreateCaseFlowPageTest"/>
</testsuite> <!-- com.ort.qa.testcases.CreateCaseFlowPageTest -->
