<?xml version="1.0" encoding="UTF-8"?>
<!-- Generated by org.testng.reporters.JUnitReportReporter -->
<testsuite skipped="0" hostname="DESKTOP-B8QHPPA" name="com.ort.qa.testcases.OpenCasesPageTest" tests="1" failures="0" timestamp="22 Jun 2021 11:30:27 GMT" time="16.936" errors="0">
  <testcase name="openCases" time="16.936" classname="com.ort.qa.testcases.OpenCasesPageTest"/>
</testsuite> <!-- com.ort.qa.testcases.OpenCasesPageTest -->
