<?xml version="1.0" encoding="UTF-8"?>
<!-- Generated by org.testng.reporters.JUnitReportReporter -->
<testsuite skipped="0" hostname="DESKTOP-B8QHPPA" name="com.ort.qa.testcases.CreateCaseFlowPageTest" tests="13" failures="0" timestamp="25 Jun 2021 12:13:53 GMT" time="157.925" errors="0">
  <testcase name="createCaseFindPatientLongFlowTest" time="57.225" classname="com.ort.qa.testcases.CreateCaseFlowPageTest"/>
  <testcase name="clickOnSearchCasesLink" time="0.094" classname="com.ort.qa.testcases.CreateCaseFlowPageTest"/>
  <testcase name="userSearchCases" time="16.939" classname="com.ort.qa.testcases.CreateCaseFlowPageTest"/>
  <testcase name="clickOnOpenCases" time="0.093" classname="com.ort.qa.testcases.CreateCaseFlowPageTest"/>
  <testcase name="clickOnCartReview" time="0.512" classname="com.ort.qa.testcases.CreateCaseFlowPageTest"/>
  <testcase name="openCases" time="14.792" classname="com.ort.qa.testcases.CreateCaseFlowPageTest"/>
  <testcase name="cartReviewCases" time="16.880" classname="com.ort.qa.testcases.CreateCaseFlowPageTest"/>
  <testcase name="clickOnORreadyLink" time="0.093" classname="com.ort.qa.testcases.CreateCaseFlowPageTest"/>
  <testcase name="oRreadyCases" time="17.016" classname="com.ort.qa.testcases.CreateCaseFlowPageTest"/>
  <testcase name="clickOnInProgressLink" time="0.086" classname="com.ort.qa.testcases.CreateCaseFlowPageTest"/>
  <testcase name="inProgressCases" time="17.040" classname="com.ort.qa.testcases.CreateCaseFlowPageTest"/>
  <testcase name="clickOnOnHoldLink" time="0.161" classname="com.ort.qa.testcases.CreateCaseFlowPageTest"/>
  <testcase name="onHoldCases" time="16.994" classname="com.ort.qa.testcases.CreateCaseFlowPageTest"/>
</testsuite> <!-- com.ort.qa.testcases.CreateCaseFlowPageTest -->
