<?xml version="1.0" encoding="UTF-8"?>
<!-- Generated by org.testng.reporters.JUnitReportReporter -->
<testsuite skipped="0" hostname="DESKTOP-B8QHPPA" name="com.ort.qa.testcases.CreateCaseFlowPageTest" tests="18" failures="0" timestamp="23 Jun 2021 08:46:12 GMT" time="514.039" errors="0">
  <testcase name="createCaseFindPatientLongFlowTest" time="55.453" classname="com.ort.qa.testcases.CreateCaseFlowPageTest"/>
  <testcase name="createCaseFindPatientLongFlowTest" time="68.188" classname="com.ort.qa.testcases.CreateCaseFlowPageTest"/>
  <testcase name="createCasePreferenceCardFlowTest" time="95.089" classname="com.ort.qa.testcases.CreateCaseFlowPageTest"/>
  <testcase name="createCasePreferenceCardFlowTest" time="71.293" classname="com.ort.qa.testcases.CreateCaseFlowPageTest"/>
  <testcase name="createCaseProcedureSelectionFlowTest" time="60.174" classname="com.ort.qa.testcases.CreateCaseFlowPageTest"/>
  <testcase name="createCaseProcedureSelectionFlowTest" time="60.269" classname="com.ort.qa.testcases.CreateCaseFlowPageTest"/>
  <testcase name="clickOnSearchCasesLink" time="0.105" classname="com.ort.qa.testcases.CreateCaseFlowPageTest"/>
  <testcase name="userSearchCases" time="16.984" classname="com.ort.qa.testcases.CreateCaseFlowPageTest"/>
  <testcase name="clickOnOpenCases" time="0.079" classname="com.ort.qa.testcases.CreateCaseFlowPageTest"/>
  <testcase name="clickOnCartReview" time="0.785" classname="com.ort.qa.testcases.CreateCaseFlowPageTest"/>
  <testcase name="openCases" time="16.980" classname="com.ort.qa.testcases.CreateCaseFlowPageTest"/>
  <testcase name="cartReviewCases" time="17.136" classname="com.ort.qa.testcases.CreateCaseFlowPageTest"/>
  <testcase name="clickOnORreadyLink" time="0.088" classname="com.ort.qa.testcases.CreateCaseFlowPageTest"/>
  <testcase name="oRreadyCases" time="17.072" classname="com.ort.qa.testcases.CreateCaseFlowPageTest"/>
  <testcase name="clickOnInProgressLink" time="0.086" classname="com.ort.qa.testcases.CreateCaseFlowPageTest"/>
  <testcase name="inProgressCases" time="17.098" classname="com.ort.qa.testcases.CreateCaseFlowPageTest"/>
  <testcase name="clickOnOnHoldLink" time="0.166" classname="com.ort.qa.testcases.CreateCaseFlowPageTest"/>
  <testcase name="onHoldCases" time="16.994" classname="com.ort.qa.testcases.CreateCaseFlowPageTest"/>
</testsuite> <!-- com.ort.qa.testcases.CreateCaseFlowPageTest -->
