<?xml version="1.0" encoding="UTF-8"?>
<!-- Generated by org.testng.reporters.JUnitReportReporter -->
<testsuite skipped="0" hostname="PavanSharma" name="com.ort.qa.testcases.HCPDashboardPageTest" tests="15" failures="0" timestamp="2021-05-21T17:27:52 IST" time="428.974" errors="0">
  <testcase name="verifyDashboardPageTitleTest" time="26.744" classname="com.ort.qa.testcases.HCPDashboardPageTest"/>
  <system-out/>
  <testcase name="verifyMenuOptionVisibility" time="27.486" classname="com.ort.qa.testcases.HCPDashboardPageTest"/>
  <system-out/>
  <testcase name="verifyDashboardOptionVisibility" time="27.349" classname="com.ort.qa.testcases.HCPDashboardPageTest"/>
  <system-out/>
  <testcase name="clickCreateCaseDashboard" time="29.015" classname="com.ort.qa.testcases.HCPDashboardPageTest"/>
  <system-out/>
  <testcase name="clickSearchCaseDashboard" time="28.885" classname="com.ort.qa.testcases.HCPDashboardPageTest"/>
  <system-out/>
  <testcase name="clickOpenCaseDashboard" time="27.687" classname="com.ort.qa.testcases.HCPDashboardPageTest"/>
  <system-out/>
  <testcase name="clickORtelligenceDashboard" time="31.207" classname="com.ort.qa.testcases.HCPDashboardPageTest"/>
  <system-out/>
  <testcase name="clickCreateCaseMenu" time="29.717" classname="com.ort.qa.testcases.HCPDashboardPageTest"/>
  <system-out/>
  <testcase name="clickSearchCaseMenu" time="28.457" classname="com.ort.qa.testcases.HCPDashboardPageTest"/>
  <system-out/>
  <testcase name="clickOpenCaseMenu" time="28.462" classname="com.ort.qa.testcases.HCPDashboardPageTest"/>
  <system-out/>
  <testcase name="clickORtelligenceMenu" time="29.107" classname="com.ort.qa.testcases.HCPDashboardPageTest"/>
  <system-out/>
  <testcase name="clickProfileMenu" time="29.473" classname="com.ort.qa.testcases.HCPDashboardPageTest"/>
  <system-out/>
  <testcase name="clickNurseSwitchLocationMenu" time="29.182" classname="com.ort.qa.testcases.HCPDashboardPageTest"/>
  <system-out/>
  <testcase name="clickLogoutMenu" time="27.921" classname="com.ort.qa.testcases.HCPDashboardPageTest"/>
  <system-out/>
  <testcase name="clickAlertMenu" time="28.282" classname="com.ort.qa.testcases.HCPDashboardPageTest"/>
  <system-out/>
</testsuite> <!-- com.ort.qa.testcases.HCPDashboardPageTest -->
