<?xml version="1.0" encoding="UTF-8"?>
<!-- Generated by org.testng.reporters.JUnitReportReporter -->
<testsuite skipped="0" hostname="PavanSharma" name="com.ort.qa.testcases.HCPDashboardPageTest" tests="1" failures="0" timestamp="2021-05-21T14:45:35 IST" time="30.768" errors="0">
  <testcase name="verifyDashboardPageTitleTest" time="30.768" classname="com.ort.qa.testcases.HCPDashboardPageTest"/>
  <system-out/>
</testsuite> <!-- com.ort.qa.testcases.HCPDashboardPageTest -->
