<?xml version="1.0" encoding="UTF-8"?>
<!-- Generated by org.testng.reporters.JUnitReportReporter -->
<testsuite skipped="0" hostname="DESKTOP-B8QHPPA" name="com.ort.qa.testcases.SearchCaseFlowPageTest" tests="3" failures="0" timestamp="15 Jun 2021 11:30:05 GMT" time="147.986" errors="0">
  <testcase name="SearchCasesTest" time="48.170" classname="com.ort.qa.testcases.SearchCaseFlowPageTest"/>
  <testcase name="SearchCasesTest" time="49.122" classname="com.ort.qa.testcases.SearchCaseFlowPageTest"/>
  <testcase name="SearchCasesTest" time="50.694" classname="com.ort.qa.testcases.SearchCaseFlowPageTest"/>
</testsuite> <!-- com.ort.qa.testcases.SearchCaseFlowPageTest -->
