<?xml version="1.0" encoding="UTF-8"?>
<!-- Generated by org.testng.reporters.JUnitReportReporter -->
<testsuite skipped="0" hostname="DESKTOP-B8QHPPA" name="com.ort.qa.testcases.HCPDashboardPageTest" tests="1" failures="0" timestamp="03 Jun 2021 11:26:10 GMT" time="30.258" errors="0">
  <testcase name="clickORtelligenceMenu" time="30.258" classname="com.ort.qa.testcases.HCPDashboardPageTest"/>
</testsuite> <!-- com.ort.qa.testcases.HCPDashboardPageTest -->
