<?xml version="1.0" encoding="UTF-8"?>
<!-- Generated by org.testng.reporters.JUnitReportReporter -->
<testsuite skipped="0" hostname="PavanSharma" name="com.ort.qa.testcases.NurseDashboardPageTest" tests="1" failures="0" timestamp="2021-05-19T18:54:06 IST" time="33.085" errors="0">
  <testcase name="verifyMenuOptionVisibility" time="33.085" classname="com.ort.qa.testcases.NurseDashboardPageTest"/>
  <system-out/>
</testsuite> <!-- com.ort.qa.testcases.NurseDashboardPageTest -->
