<?xml version="1.0" encoding="UTF-8"?>
<!-- Generated by org.testng.reporters.JUnitReportReporter -->
<testsuite skipped="0" hostname="DESKTOP-B8QHPPA" name="com.ort.qa.testcases.CreateCaseProcedureSelectionFlowTest" tests="4" failures="0" timestamp="14 Jun 2021 06:50:38 GMT" time="309.794" errors="0">
  <testcase name="createCaseProcedureSelectionFlowTest" time="73.421" classname="com.ort.qa.testcases.CreateCaseProcedureSelectionFlowTest"/>
  <testcase name="createCaseProcedureSelectionFlowTest" time="84.250" classname="com.ort.qa.testcases.CreateCaseProcedureSelectionFlowTest"/>
  <testcase name="createCaseProcedureSelectionFlowTest" time="73.869" classname="com.ort.qa.testcases.CreateCaseProcedureSelectionFlowTest"/>
  <testcase name="createCaseProcedureSelectionFlowTest" time="78.254" classname="com.ort.qa.testcases.CreateCaseProcedureSelectionFlowTest"/>
</testsuite> <!-- com.ort.qa.testcases.CreateCaseProcedureSelectionFlowTest -->
