<?xml version="1.0" encoding="UTF-8"?>
<!-- Generated by org.testng.reporters.JUnitReportReporter -->
<testsuite skipped="0" hostname="PavanSharma" name="com.ort.qa.testcases.NurseDashboardClickSearchCaseMenu" tests="1" failures="0" timestamp="2021-05-20T12:57:00 IST" time="13.433" errors="0">
  <testcase name="clickSearchCaseMenu" time="13.433" classname="com.ort.qa.testcases.NurseDashboardClickSearchCaseMenu"/>
  <system-out/>
</testsuite> <!-- com.ort.qa.testcases.NurseDashboardClickSearchCaseMenu -->
